<?xml version="1.0" encoding="UTF-8"?>
<!-- Generated by org.testng.reporters.JUnitReportReporter -->
<testsuite hostname="LAPTOP-V4U774QS" failures="0" tests="3" name="ui.Fitness" time="3.294" errors="0" timestamp="2021-07-02T11:48:24 IST" skipped="0">
  <testcase classname="ui.Fitness" name="selectFitnessOption" time="1.568"/>
  <system-out/>
  <testcase classname="ui.Fitness" name="selectGymOption" time="1.264"/>
  <system-out/>
  <testcase classname="ui.Fitness" name="printAllOptions" time="0.462"/>
  <system-out/>
</testsuite> <!-- ui.Fitness -->
