<?xml version="1.0" encoding="UTF-8"?>
<!-- Generated by org.testng.reporters.JUnitReportReporter -->
<testsuite hostname="LAPTOP-V4U774QS" failures="0" tests="2" name="ui.Login" time="23.319" errors="0" timestamp="2021-06-23T11:48:40 IST" skipped="0">
  <testcase classname="ui.Login" name="startAndRemoveAd" time="17.588"/>
  <system-out/>
  <testcase classname="ui.Login" name="setupDriver" time="5.731"/>
  <system-out/>
</testsuite> <!-- ui.Login -->
