<?xml version="1.0" encoding="UTF-8"?>
<!-- Generated by org.testng.reporters.JUnitReportReporter -->
<testsuite hostname="LAPTOP-V4U774QS" failures="0" tests="1" name="ui.FreeListing" time="4.596" errors="0" timestamp="2021-07-02T11:37:39 IST" skipped="0">
  <testcase classname="ui.FreeListing" name="f" time="4.596"/>
  <system-out/>
</testsuite> <!-- ui.FreeListing -->
