<?xml version="1.0" encoding="UTF-8"?>
<!-- Generated by org.testng.reporters.JUnitReportReporter -->
<testsuite hostname="LAPTOP-V4U774QS" failures="0" tests="5" name="ui.Login" time="35.656" errors="0" timestamp="03 Jul 2021 11:24:57 GMT" skipped="0">
  <testcase classname="ui.Login" name="startAndRemoveAd" time="18.765"/>
  <testcase classname="ui.Login" name="setupDriver" time="6.709"/>
  <testcase classname="ui.Login" name="Listing" time="4.953"/>
  <testcase classname="ui.Login" name="Fitness" time="5.006"/>
  <testcase classname="ui.Login" name="closeBrowser" time="0.223"/>
</testsuite> <!-- ui.Login -->
